10-25 18:52:56 com_github_MitjaNemec_ReplicateLayout.action_replicate_layout 392:Plugin executed on: 'win32'
10-25 18:52:56 com_github_MitjaNemec_ReplicateLayout.action_replicate_layout 393:Plugin executed with python version: '3.9.16 (main, Aug  8 2023, 05:38:28) [MSC v.1936 64 bit (AMD64)]'
10-25 18:52:56 com_github_MitjaNemec_ReplicateLayout.action_replicate_layout 394:KiCad build version: 7.0.8
10-25 18:52:56 com_github_MitjaNemec_ReplicateLayout.action_replicate_layout 395:Plugin version: 2.1.3
10-25 18:52:56 com_github_MitjaNemec_ReplicateLayout.action_replicate_layout 396:Frame repr: <wx._core.Frame object at 0x0000023D2BEAE550>
10-25 18:52:56 com_github_MitjaNemec_ReplicateLayout.action_replicate_layout 420:Preparing replicator with U5 as a reference
10-25 18:52:56 com_github_MitjaNemec_ReplicateLayout.replicate_layout 117:getting a list of all footprints on board
10-25 18:52:56 com_github_MitjaNemec_ReplicateLayout.action_replicate_layout 468:source anchor footprint is 'U5'
Located on: ['Can Transceiver']
With filenames: ['Can Transceiver.kicad_sch']
With sheet_id:['Can Transceiver']
10-25 18:52:56 com_github_MitjaNemec_ReplicateLayout.action_replicate_layout 475:Corresponding footprints are 
[('U1', ['Can Transceiver1']), ('U5', ['Can Transceiver'])]
10-25 18:52:56 com_github_MitjaNemec_ReplicateLayout.action_replicate_layout 487:Showing dialog
10-25 18:52:56 com_github_MitjaNemec_ReplicateLayout.replicate_layout 424:constructing a list of sheets suitable for replication on level:'Can Transceiver', file:'Can Transceiver.kicad_sch'
10-25 18:52:56 com_github_MitjaNemec_ReplicateLayout.replicate_layout 461:suitable sheets are:[['Can Transceiver1']]
10-25 18:52:56 com_github_MitjaNemec_ReplicateLayout.replicate_layout 1464:Level selected: ['Can Transceiver']
10-25 18:52:56 com_github_MitjaNemec_ReplicateLayout.replicate_layout 1299:Filtering list of tracks
10-25 18:52:56 com_github_MitjaNemec_ReplicateLayout.action_replicate_layout 493:Toolbar position: wx.Point(3376, 245)
10-25 18:52:56 com_github_MitjaNemec_ReplicateLayout.action_replicate_layout 498:Dialog position: wx.Point(2937, 245)
10-25 18:53:16 com_github_MitjaNemec_ReplicateLayout.replicate_layout 424:constructing a list of sheets suitable for replication on level:'Can Transceiver', file:'Can Transceiver.kicad_sch'
10-25 18:53:16 com_github_MitjaNemec_ReplicateLayout.replicate_layout 461:suitable sheets are:[['Can Transceiver1']]
10-25 18:53:16 com_github_MitjaNemec_ReplicateLayout.action_replicate_layout 240:Replicating layout
10-25 18:53:16 com_github_MitjaNemec_ReplicateLayout.replicate_layout 240:Starting replication of sheets: [['Can Transceiver1']]
on level: ['Can Transceiver']
with tracks=True, zone=True, text=True, text=True, intersecting=False, remove=False, locked footprints=False, group_only=False
10-25 18:53:16 root 332:updating GUI message: 'Preparing for replication'
10-25 18:53:16 root 337:updating GUI with: 0
10-25 18:53:16 com_github_MitjaNemec_ReplicateLayout.replicate_layout 310:Getting the list of source footprints
10-25 18:53:16 com_github_MitjaNemec_ReplicateLayout.replicate_layout 320:Getting the list of all the remaining footprints
10-25 18:53:16 com_github_MitjaNemec_ReplicateLayout.replicate_layout 327:Getting source tracks
10-25 18:53:16 com_github_MitjaNemec_ReplicateLayout.replicate_layout 1299:Filtering list of tracks
10-25 18:53:16 com_github_MitjaNemec_ReplicateLayout.replicate_layout 331:Getting source zones
10-25 18:53:16 com_github_MitjaNemec_ReplicateLayout.replicate_layout 335:Getting source text items
10-25 18:53:16 com_github_MitjaNemec_ReplicateLayout.replicate_layout 339:Getting source drawing items
10-25 18:53:16 root 332:updating GUI message: 'Replicating footprints'
10-25 18:53:16 com_github_MitjaNemec_ReplicateLayout.replicate_layout 806:Replicating footprints
10-25 18:53:16 com_github_MitjaNemec_ReplicateLayout.replicate_layout 813:Replicating footprints on sheet ['Can Transceiver1']
10-25 18:53:16 root 332:updating GUI message: 'Replicating tracks'
10-25 18:53:16 com_github_MitjaNemec_ReplicateLayout.replicate_layout 977:Replicating tracks
10-25 18:53:16 com_github_MitjaNemec_ReplicateLayout.replicate_layout 983:Replicating tracks on sheet ['Can Transceiver1']
10-25 18:53:16 com_github_MitjaNemec_ReplicateLayout.replicate_layout 766:Net pairs for sheet ['Can Transceiver1'] :[('CAN1+', 'CAN2+'), ('Net-(U5-Vref)', 'Net-(U1-Vref)'), ('+3V3', '+3V3'), ('CAN1-', 'CAN2-'), ('GND', 'GND'), ('Net-(D3-common)', 'Net-(D4-common)'), ('/Can Transceiver/CANTX', '/Can Transceiver1/CANTX'), ('/Can Transceiver/CANRX', '/Can Transceiver1/CANRX')]
10-25 18:53:16 root 332:updating GUI message: 'Replicating zones'
10-25 18:53:16 com_github_MitjaNemec_ReplicateLayout.replicate_layout 1047:Replicating zones
10-25 18:53:16 com_github_MitjaNemec_ReplicateLayout.replicate_layout 1054:Replicating zones on sheet ['Can Transceiver1']
10-25 18:53:16 com_github_MitjaNemec_ReplicateLayout.replicate_layout 766:Net pairs for sheet ['Can Transceiver1'] :[('CAN1+', 'CAN2+'), ('Net-(U5-Vref)', 'Net-(U1-Vref)'), ('+3V3', '+3V3'), ('CAN1-', 'CAN2-'), ('GND', 'GND'), ('Net-(D3-common)', 'Net-(D4-common)'), ('/Can Transceiver/CANTX', '/Can Transceiver1/CANTX'), ('/Can Transceiver/CANRX', '/Can Transceiver1/CANRX')]
10-25 18:53:16 root 332:updating GUI message: 'Replicating text'
10-25 18:53:16 com_github_MitjaNemec_ReplicateLayout.replicate_layout 1136:Replicating text
10-25 18:53:16 com_github_MitjaNemec_ReplicateLayout.replicate_layout 1143:Replicating text on sheet ['Can Transceiver1']
10-25 18:53:16 root 332:updating GUI message: 'Replicating drawings'
10-25 18:53:16 com_github_MitjaNemec_ReplicateLayout.replicate_layout 1187:Replicating drawings
10-25 18:53:16 com_github_MitjaNemec_ReplicateLayout.replicate_layout 1193:Replicating drawings on sheet ['Can Transceiver1']
10-25 18:53:16 com_github_MitjaNemec_ReplicateLayout.action_replicate_layout 256:Replication complete
